<?xml version="1.0" encoding="UTF-8"?>
<!-- Generated by org.testng.reporters.JUnitXMLReporter -->
<testsuite ignored="4" hostname="JyothiCyril" failures="0" tests="5" name="Demo Test" time="0.064" errors="0" timestamp="2022-04-02T19:45:26 IST">
  <testcase classname="com.qa.testngDemo.TC_FundTransfer" name="FundTransfrerNEFT" time="0.003"/>
  <testcase classname="com.qa.testngDemo.TC_FundTransfer" name="FundTransferIMPS" time="0.002"/>
  <testcase classname="com.qa.testngDemo.TC_FundTransfer" name="FundTransferInternational" time="0.001"/>
  <testcase classname="com.qa.testngDemo.TC_UtilityBillPayment" name="UtilityBillPayment" time="0.001"/>
  <testcase classname="com.qa.testngDemo.TC_CCBillPayment" name="CCBillPayament" time="0.001"/>
  <testcase classname="com.qa.testngDemo.TestBase" name="@AfterTest tearDown" time="0.0">
    <ignored/>
  </testcase> <!-- @AfterTest tearDown -->
  <testcase classname="com.qa.testngDemo.TestBase" name="@AfterTest tearDown" time="0.0">
    <ignored/>
  </testcase> <!-- @AfterTest tearDown -->
  <testcase classname="com.qa.testngDemo.TestBase" name="@BeforeTest setUp" time="0.0">
    <ignored/>
  </testcase> <!-- @BeforeTest setUp -->
  <testcase classname="com.qa.testngDemo.TestBase" name="@BeforeTest setUp" time="0.0">
    <ignored/>
  </testcase> <!-- @BeforeTest setUp -->
</testsuite> <!-- Demo Test -->
