<?xml version="1.0" encoding="UTF-8"?>
<!-- Generated by org.testng.reporters.JUnitXMLReporter -->
<testsuite ignored="1" hostname="JyothiCyril" failures="0" tests="6" name="Default test" time="0.086" errors="0" timestamp="2022-04-02T21:32:27 IST">
  <testcase classname="com.qa.testngDemo.TC_FundTransfer" name="FundTransfrerNEFT" time="0.005"/>
  <testcase classname="com.qa.testngDemo.TC_FundTransfer" name="FundTransferIMPS" time="0.001"/>
  <testcase classname="com.qa.testngDemo.TC_FundTransfer" name="FundTransferIMPS" time="0.002"/>
  <testcase classname="com.qa.testngDemo.TC_FundTransfer" name="FundTransferIMPS" time="0.003"/>
  <testcase classname="com.qa.testngDemo.TC_FundTransfer" name="FundTransferIMPS" time="0.004"/>
  <testcase classname="com.qa.testngDemo.TC_FundTransfer" name="FundTransferIMPS" time="0.002"/>
  <testcase classname="com.qa.testngDemo.TC_FundTransfer" name="FundTransferInternational" time="0.0">
    <ignored/>
  </testcase> <!-- FundTransferInternational -->
</testsuite> <!-- Default test -->
